[0.427s] DEBUG:colcon:Command line arguments: ['/usr/bin/colcon', 'build']
[0.427s] DEBUG:colcon:Parsed command line arguments: Namespace(log_base=None, log_level=None, verb_name='build', build_base='build', install_base='install', merge_install=False, symlink_install=False, test_result_base=None, continue_on_error=False, executor='parallel', parallel_workers=16, event_handlers=None, ignore_user_meta=False, metas=['./colcon.meta'], base_paths=['.'], packages_ignore=None, packages_ignore_regex=None, paths=None, packages_up_to=None, packages_up_to_regex=None, packages_above=None, packages_above_and_dependencies=None, packages_above_depth=None, packages_select_by_dep=None, packages_skip_by_dep=None, packages_skip_up_to=None, packages_select_build_failed=False, packages_skip_build_finished=False, packages_select_test_failures=False, packages_skip_test_passed=False, packages_select=None, packages_skip=None, packages_select_regex=None, packages_skip_regex=None, packages_start=None, packages_end=None, allow_overriding=[], cmake_args=None, cmake_target=None, cmake_target_skip_unavailable=False, cmake_clean_cache=False, cmake_clean_first=False, cmake_force_configure=False, ament_cmake_args=None, catkin_cmake_args=None, catkin_skip_building_tests=False, verb_parser=<colcon_defaults.argument_parser.defaults.DefaultArgumentsDecorator object at 0x7fdfb951e680>, verb_extension=<colcon_core.verb.build.BuildVerb object at 0x7fdfb99cb820>, main=<bound method BuildVerb.main of <colcon_core.verb.build.BuildVerb object at 0x7fdfb99cb820>>)
[0.453s] Level 1:colcon.colcon_core.package_discovery:discover_packages(colcon_meta) check parameters
[0.453s] Level 1:colcon.colcon_core.package_discovery:discover_packages(recursive) check parameters
[0.453s] Level 1:colcon.colcon_core.package_discovery:discover_packages(ignore) check parameters
[0.453s] Level 1:colcon.colcon_core.package_discovery:discover_packages(path) check parameters
[0.453s] Level 1:colcon.colcon_core.package_discovery:discover_packages(colcon_meta) discover
[0.453s] Level 1:colcon.colcon_core.package_discovery:discover_packages(recursive) discover
[0.453s] INFO:colcon.colcon_core.package_discovery:Crawling recursively for packages in '/home/mechax/zyb/camera_calibration/src/image_pipeline/camera_calibration'
[0.453s] Level 1:colcon.colcon_core.package_identification:_identify(.) by extensions ['ignore', 'ignore_ament_install']
[0.453s] Level 1:colcon.colcon_core.package_identification:_identify(.) by extension 'ignore'
[0.453s] Level 1:colcon.colcon_core.package_identification:_identify(.) by extension 'ignore_ament_install'
[0.453s] Level 1:colcon.colcon_core.package_identification:_identify(.) by extensions ['colcon_pkg']
[0.453s] Level 1:colcon.colcon_core.package_identification:_identify(.) by extension 'colcon_pkg'
[0.453s] Level 1:colcon.colcon_core.package_identification:_identify(.) by extensions ['colcon_meta']
[0.453s] Level 1:colcon.colcon_core.package_identification:_identify(.) by extension 'colcon_meta'
[0.453s] Level 1:colcon.colcon_core.package_identification:_identify(.) by extensions ['ros']
[0.453s] Level 1:colcon.colcon_core.package_identification:_identify(.) by extension 'ros'
[0.461s] DEBUG:colcon.colcon_core.package_identification:Package '.' with type 'ros.ament_python' and name 'camera_calibration'
[0.461s] Level 1:colcon.colcon_core.package_discovery:discover_packages(recursive) using defaults
[0.461s] Level 1:colcon.colcon_core.package_discovery:discover_packages(ignore) discover
[0.461s] Level 1:colcon.colcon_core.package_discovery:discover_packages(ignore) using defaults
[0.461s] Level 1:colcon.colcon_core.package_discovery:discover_packages(path) discover
[0.461s] Level 1:colcon.colcon_core.package_discovery:discover_packages(path) using defaults
[0.505s] Level 1:colcon.colcon_core.package_discovery:discover_packages(prefix_path) check parameters
[0.505s] Level 1:colcon.colcon_core.package_discovery:discover_packages(prefix_path) discover
[0.518s] DEBUG:colcon.colcon_installed_package_information.package_discovery:Found 3 installed packages in /home/mechax/ws_livox/install
[0.524s] DEBUG:colcon.colcon_installed_package_information.package_discovery:Found 340 installed packages in /opt/ros/humble
[0.525s] Level 1:colcon.colcon_core.package_discovery:discover_packages(prefix_path) using defaults
[0.575s] Level 5:colcon.colcon_core.verb:set package 'camera_calibration' build argument 'cmake_args' from command line to 'None'
[0.575s] Level 5:colcon.colcon_core.verb:set package 'camera_calibration' build argument 'cmake_target' from command line to 'None'
[0.575s] Level 5:colcon.colcon_core.verb:set package 'camera_calibration' build argument 'cmake_target_skip_unavailable' from command line to 'False'
[0.575s] Level 5:colcon.colcon_core.verb:set package 'camera_calibration' build argument 'cmake_clean_cache' from command line to 'False'
[0.575s] Level 5:colcon.colcon_core.verb:set package 'camera_calibration' build argument 'cmake_clean_first' from command line to 'False'
[0.575s] Level 5:colcon.colcon_core.verb:set package 'camera_calibration' build argument 'cmake_force_configure' from command line to 'False'
[0.575s] Level 5:colcon.colcon_core.verb:set package 'camera_calibration' build argument 'ament_cmake_args' from command line to 'None'
[0.575s] Level 5:colcon.colcon_core.verb:set package 'camera_calibration' build argument 'catkin_cmake_args' from command line to 'None'
[0.575s] Level 5:colcon.colcon_core.verb:set package 'camera_calibration' build argument 'catkin_skip_building_tests' from command line to 'False'
[0.575s] DEBUG:colcon.colcon_core.verb:Building package 'camera_calibration' with the following arguments: {'ament_cmake_args': None, 'build_base': '/home/mechax/zyb/camera_calibration/src/image_pipeline/camera_calibration/build/camera_calibration', 'catkin_cmake_args': None, 'catkin_skip_building_tests': False, 'cmake_args': None, 'cmake_clean_cache': False, 'cmake_clean_first': False, 'cmake_force_configure': False, 'cmake_target': None, 'cmake_target_skip_unavailable': False, 'install_base': '/home/mechax/zyb/camera_calibration/src/image_pipeline/camera_calibration/install/camera_calibration', 'merge_install': False, 'path': '/home/mechax/zyb/camera_calibration/src/image_pipeline/camera_calibration', 'symlink_install': False, 'test_result_base': None}
[0.581s] INFO:colcon.colcon_core.executor:Executing jobs using 'parallel' executor
[0.588s] DEBUG:colcon.colcon_parallel_executor.executor.parallel:run_until_complete
[0.588s] INFO:colcon.colcon_ros.task.ament_python.build:Building ROS package in '/home/mechax/zyb/camera_calibration/src/image_pipeline/camera_calibration' with build type 'ament_python'
[0.588s] Level 1:colcon.colcon_core.shell:create_environment_hook('camera_calibration', 'ament_prefix_path')
[0.595s] INFO:colcon.colcon_core.plugin_system:Skipping extension 'colcon_core.shell.bat': Not used on non-Windows systems
[0.595s] INFO:colcon.colcon_core.shell:Creating environment hook '/home/mechax/zyb/camera_calibration/src/image_pipeline/camera_calibration/install/camera_calibration/share/camera_calibration/hook/ament_prefix_path.ps1'
[0.595s] INFO:colcon.colcon_core.shell:Creating environment descriptor '/home/mechax/zyb/camera_calibration/src/image_pipeline/camera_calibration/install/camera_calibration/share/camera_calibration/hook/ament_prefix_path.dsv'
[0.596s] INFO:colcon.colcon_core.shell:Creating environment hook '/home/mechax/zyb/camera_calibration/src/image_pipeline/camera_calibration/install/camera_calibration/share/camera_calibration/hook/ament_prefix_path.sh'
[0.602s] INFO:colcon.colcon_core.shell:Skip shell extension 'powershell' for command environment: Not usable outside of PowerShell
[0.602s] DEBUG:colcon.colcon_core.shell:Skip shell extension 'dsv' for command environment
[0.749s] INFO:colcon.colcon_core.task.python.build:Building Python package in '/home/mechax/zyb/camera_calibration/src/image_pipeline/camera_calibration'
[0.756s] INFO:colcon.colcon_core.shell:Skip shell extension 'powershell' for command environment: Not usable outside of PowerShell
[0.756s] DEBUG:colcon.colcon_core.shell:Skip shell extension 'dsv' for command environment
[0.975s] DEBUG:colcon.colcon_core.event_handler.log_command:Invoking command in '/home/mechax/zyb/camera_calibration/src/image_pipeline/camera_calibration': PYTHONPATH=/home/mechax/zyb/camera_calibration/src/image_pipeline/camera_calibration/build/camera_calibration/prefix_override:/home/mechax/zyb/camera_calibration/src/image_pipeline/camera_calibration/install/camera_calibration/lib/python3.10/site-packages:${PYTHONPATH} /usr/bin/python3 setup.py egg_info --egg-base build/camera_calibration build --build-base /home/mechax/zyb/camera_calibration/src/image_pipeline/camera_calibration/build/camera_calibration/build install --record /home/mechax/zyb/camera_calibration/src/image_pipeline/camera_calibration/build/camera_calibration/install.log --single-version-externally-managed
[1.131s] DEBUG:colcon.colcon_core.event_handler.log_command:Invoked command in '/home/mechax/zyb/camera_calibration/src/image_pipeline/camera_calibration' returned '0': PYTHONPATH=/home/mechax/zyb/camera_calibration/src/image_pipeline/camera_calibration/build/camera_calibration/prefix_override:/home/mechax/zyb/camera_calibration/src/image_pipeline/camera_calibration/install/camera_calibration/lib/python3.10/site-packages:${PYTHONPATH} /usr/bin/python3 setup.py egg_info --egg-base build/camera_calibration build --build-base /home/mechax/zyb/camera_calibration/src/image_pipeline/camera_calibration/build/camera_calibration/build install --record /home/mechax/zyb/camera_calibration/src/image_pipeline/camera_calibration/build/camera_calibration/install.log --single-version-externally-managed
[1.138s] Level 1:colcon.colcon_core.environment:checking '/home/mechax/zyb/camera_calibration/src/image_pipeline/camera_calibration/install/camera_calibration' for CMake module files
[1.139s] Level 1:colcon.colcon_core.environment:checking '/home/mechax/zyb/camera_calibration/src/image_pipeline/camera_calibration/install/camera_calibration' for CMake config files
[1.139s] Level 1:colcon.colcon_core.environment:checking '/home/mechax/zyb/camera_calibration/src/image_pipeline/camera_calibration/install/camera_calibration/lib'
[1.139s] Level 1:colcon.colcon_core.environment:checking '/home/mechax/zyb/camera_calibration/src/image_pipeline/camera_calibration/install/camera_calibration/bin'
[1.139s] Level 1:colcon.colcon_core.environment:checking '/home/mechax/zyb/camera_calibration/src/image_pipeline/camera_calibration/install/camera_calibration/lib/pkgconfig/camera_calibration.pc'
[1.139s] Level 1:colcon.colcon_core.environment:checking '/home/mechax/zyb/camera_calibration/src/image_pipeline/camera_calibration/install/camera_calibration/lib/python3.10/site-packages'
[1.139s] Level 1:colcon.colcon_core.shell:create_environment_hook('camera_calibration', 'pythonpath')
[1.145s] INFO:colcon.colcon_core.shell:Creating environment hook '/home/mechax/zyb/camera_calibration/src/image_pipeline/camera_calibration/install/camera_calibration/share/camera_calibration/hook/pythonpath.ps1'
[1.146s] INFO:colcon.colcon_core.shell:Creating environment descriptor '/home/mechax/zyb/camera_calibration/src/image_pipeline/camera_calibration/install/camera_calibration/share/camera_calibration/hook/pythonpath.dsv'
[1.146s] INFO:colcon.colcon_core.shell:Creating environment hook '/home/mechax/zyb/camera_calibration/src/image_pipeline/camera_calibration/install/camera_calibration/share/camera_calibration/hook/pythonpath.sh'
[1.146s] Level 1:colcon.colcon_core.environment:checking '/home/mechax/zyb/camera_calibration/src/image_pipeline/camera_calibration/install/camera_calibration/bin'
[1.146s] Level 1:colcon.colcon_core.environment:create_environment_scripts_only(camera_calibration)
[1.152s] INFO:colcon.colcon_core.shell:Creating package script '/home/mechax/zyb/camera_calibration/src/image_pipeline/camera_calibration/install/camera_calibration/share/camera_calibration/package.ps1'
[1.152s] INFO:colcon.colcon_core.shell:Creating package descriptor '/home/mechax/zyb/camera_calibration/src/image_pipeline/camera_calibration/install/camera_calibration/share/camera_calibration/package.dsv'
[1.152s] INFO:colcon.colcon_core.shell:Creating package script '/home/mechax/zyb/camera_calibration/src/image_pipeline/camera_calibration/install/camera_calibration/share/camera_calibration/package.sh'
[1.153s] INFO:colcon.colcon_core.shell:Creating package script '/home/mechax/zyb/camera_calibration/src/image_pipeline/camera_calibration/install/camera_calibration/share/camera_calibration/package.bash'
[1.153s] INFO:colcon.colcon_core.shell:Creating package script '/home/mechax/zyb/camera_calibration/src/image_pipeline/camera_calibration/install/camera_calibration/share/camera_calibration/package.zsh'
[1.153s] Level 1:colcon.colcon_core.environment:create_file_with_runtime_dependencies(/home/mechax/zyb/camera_calibration/src/image_pipeline/camera_calibration/install/camera_calibration/share/colcon-core/packages/camera_calibration)
[1.153s] DEBUG:colcon.colcon_parallel_executor.executor.parallel:closing loop
[1.154s] DEBUG:colcon.colcon_parallel_executor.executor.parallel:loop closed
[1.154s] DEBUG:colcon.colcon_parallel_executor.executor.parallel:run_until_complete finished with '0'
[1.154s] DEBUG:colcon.colcon_core.event_reactor:joining thread
[1.162s] INFO:colcon.colcon_core.plugin_system:Skipping extension 'colcon_notification.desktop_notification.terminal_notifier': Not used on non-Darwin systems
[1.162s] INFO:colcon.colcon_core.plugin_system:Skipping extension 'colcon_notification.desktop_notification.win32': Not used on non-Windows systems
[1.163s] INFO:colcon.colcon_notification.desktop_notification:Sending desktop notification using 'notify2'
[1.171s] DEBUG:colcon.colcon_core.event_reactor:joined thread
[1.184s] INFO:colcon.colcon_core.shell:Creating prefix script '/home/mechax/zyb/camera_calibration/src/image_pipeline/camera_calibration/install/local_setup.ps1'
[1.185s] INFO:colcon.colcon_core.shell:Creating prefix util module '/home/mechax/zyb/camera_calibration/src/image_pipeline/camera_calibration/install/_local_setup_util_ps1.py'
[1.185s] INFO:colcon.colcon_core.shell:Creating prefix chain script '/home/mechax/zyb/camera_calibration/src/image_pipeline/camera_calibration/install/setup.ps1'
[1.192s] INFO:colcon.colcon_core.shell:Creating prefix script '/home/mechax/zyb/camera_calibration/src/image_pipeline/camera_calibration/install/local_setup.sh'
[1.192s] INFO:colcon.colcon_core.shell:Creating prefix util module '/home/mechax/zyb/camera_calibration/src/image_pipeline/camera_calibration/install/_local_setup_util_sh.py'
[1.192s] INFO:colcon.colcon_core.shell:Creating prefix chain script '/home/mechax/zyb/camera_calibration/src/image_pipeline/camera_calibration/install/setup.sh'
[1.198s] INFO:colcon.colcon_core.shell:Creating prefix script '/home/mechax/zyb/camera_calibration/src/image_pipeline/camera_calibration/install/local_setup.bash'
[1.198s] INFO:colcon.colcon_core.shell:Creating prefix chain script '/home/mechax/zyb/camera_calibration/src/image_pipeline/camera_calibration/install/setup.bash'
[1.205s] INFO:colcon.colcon_core.shell:Creating prefix script '/home/mechax/zyb/camera_calibration/src/image_pipeline/camera_calibration/install/local_setup.zsh'
[1.205s] INFO:colcon.colcon_core.shell:Creating prefix chain script '/home/mechax/zyb/camera_calibration/src/image_pipeline/camera_calibration/install/setup.zsh'
